c:\users\alag\desktop\directxengine\directxengine\x64\debug\vc142.pdb
c:\users\alag\desktop\directxengine\directxengine\x64\debug\vc142.idb
c:\users\alag\desktop\directxengine\directxengine\x64\debug\mesh.obj
c:\users\alag\desktop\directxengine\directxengine\x64\debug\primitive.obj
c:\users\alag\desktop\directxengine\directxengine\x64\debug\main.obj
c:\users\alag\desktop\directxengine\directxengine\x64\debug\lights.obj
c:\users\alag\desktop\directxengine\directxengine\x64\debug\transform.obj
c:\users\alag\desktop\directxengine\directxengine\x64\debug\texture.obj
c:\users\alag\desktop\directxengine\directxengine\x64\debug\shaders.obj
c:\users\alag\desktop\directxengine\directxengine\x64\debug\clock.obj
c:\users\alag\desktop\directxengine\directxengine\x64\debug\camera.obj
c:\users\alag\desktop\directxengine\directxengine\x64\debug\imgui_widgets.obj
c:\users\alag\desktop\directxengine\directxengine\x64\debug\imgui_impl_win32.obj
c:\users\alag\desktop\directxengine\directxengine\x64\debug\imgui_impl_dx11.obj
c:\users\alag\desktop\directxengine\directxengine\x64\debug\imgui_draw.obj
c:\users\alag\desktop\directxengine\directxengine\x64\debug\imgui_demo.obj
c:\users\alag\desktop\directxengine\directxengine\x64\debug\imgui.obj
c:\users\alag\desktop\directxengine\directxengine\x64\debug\graphics.obj
c:\users\alag\desktop\directxengine\directxengine\x64\debug\geometry.obj
c:\users\alag\desktop\directxengine\directxengine\x64\debug\gameobjects.obj
c:\users\alag\desktop\directxengine\directxengine\x64\debug\engine.obj
c:\users\alag\desktop\directxengine\directxengine\x64\debug\directxhelp.obj
c:\users\alag\desktop\directxengine\directxengine\x64\debug\renderwindow.obj
c:\users\alag\desktop\directxengine\directxengine\x64\debug\particles.obj
c:\users\alag\desktop\directxengine\directxengine\x64\debug\pointquadtree.obj
c:\users\alag\desktop\directxengine\directxengine\x64\debug\loadobj.obj
c:\users\alag\desktop\directxengine\x64\debug\pixelshader.cso
c:\users\alag\desktop\directxengine\x64\debug\deferredgeometryshader.cso
c:\users\alag\desktop\directxengine\x64\debug\deferredpixelshader.cso
c:\users\alag\desktop\directxengine\x64\debug\deferredvertexshader.cso
c:\users\alag\desktop\directxengine\x64\debug\geometryshader.cso
c:\users\alag\desktop\directxengine\x64\debug\lastpasspixelshader.cso
c:\users\alag\desktop\directxengine\x64\debug\lastpassvertexshader.cso
c:\users\alag\desktop\directxengine\x64\debug\vertexshader.cso
c:\users\marco\desktop\3d prog\project\directxengine\directxengine\x64\debug\directxengine.exe
c:\users\marco\desktop\3d prog\project\directxengine\directxengine\x64\debug\directxengine.ilk
c:\users\marco\desktop\3d prog\project\directxengine\directxengine\x64\debug\directxengine.pdb
c:\users\alag\desktop\directxengine\x64\debug\directxengine.ilk
c:\users\alag\desktop\directxengine\x64\debug\directxengine.exe
c:\users\alag\desktop\directxengine\x64\debug\directxengine.pdb
c:\users\marco\source\repos\redx93\directxengine\directxengine\x64\debug\camera.obj
c:\users\marco\source\repos\redx93\directxengine\directxengine\x64\debug\clock.obj
c:\users\marco\source\repos\redx93\directxengine\directxengine\x64\debug\directxhelp.obj
c:\users\marco\source\repos\redx93\directxengine\directxengine\x64\debug\engine.obj
c:\users\marco\source\repos\redx93\directxengine\directxengine\x64\debug\frustumculler.obj
c:\users\marco\source\repos\redx93\directxengine\directxengine\x64\debug\gameobjects.obj
c:\users\marco\source\repos\redx93\directxengine\directxengine\x64\debug\geometry.obj
c:\users\marco\source\repos\redx93\directxengine\directxengine\x64\debug\graphics.obj
c:\users\marco\source\repos\redx93\directxengine\directxengine\x64\debug\imgui.obj
c:\users\marco\source\repos\redx93\directxengine\directxengine\x64\debug\imgui_demo.obj
c:\users\marco\source\repos\redx93\directxengine\directxengine\x64\debug\imgui_draw.obj
c:\users\marco\source\repos\redx93\directxengine\directxengine\x64\debug\imgui_impl_dx11.obj
c:\users\marco\source\repos\redx93\directxengine\directxengine\x64\debug\imgui_impl_win32.obj
c:\users\marco\source\repos\redx93\directxengine\directxengine\x64\debug\imgui_widgets.obj
c:\users\marco\source\repos\redx93\directxengine\directxengine\x64\debug\lights.obj
c:\users\marco\source\repos\redx93\directxengine\directxengine\x64\debug\loadobj.obj
c:\users\marco\source\repos\redx93\directxengine\directxengine\x64\debug\main.obj
c:\users\marco\source\repos\redx93\directxengine\directxengine\x64\debug\mesh.obj
c:\users\marco\source\repos\redx93\directxengine\directxengine\x64\debug\particles.obj
c:\users\marco\source\repos\redx93\directxengine\directxengine\x64\debug\pointquadtree.obj
c:\users\marco\source\repos\redx93\directxengine\directxengine\x64\debug\primitive.obj
c:\users\marco\source\repos\redx93\directxengine\directxengine\x64\debug\quadtree.obj
c:\users\marco\source\repos\redx93\directxengine\directxengine\x64\debug\renderwindow.obj
c:\users\marco\source\repos\redx93\directxengine\directxengine\x64\debug\shaders.obj
c:\users\marco\source\repos\redx93\directxengine\directxengine\x64\debug\texture.obj
c:\users\marco\source\repos\redx93\directxengine\directxengine\x64\debug\transform.obj
c:\users\marco\source\repos\redx93\directxengine\directxengine\x64\debug\engine.new.obj.enc
c:\users\marco\source\repos\redx93\directxengine\directxengine\x64\debug\graphics.new.obj.enc
c:\users\marco\source\repos\redx93\directxengine\directxengine\x64\debug\main.new.obj.enc
c:\users\marco\source\repos\redx93\directxengine\directxengine\x64\debug\mesh.obj.enc
c:\users\marco\source\repos\redx93\directxengine\directxengine\x64\debug\quadtree.new.obj.enc
c:\users\marco\source\repos\redx93\directxengine\directxengine\x64\debug\renderwindow.new.obj.enc
c:\users\marco\source\repos\redx93\directxengine\directxengine\x64\debug\vc141.idb
c:\users\marco\source\repos\redx93\directxengine\directxengine\x64\debug\vc142.idb
c:\users\marco\source\repos\redx93\directxengine\directxengine\x64\debug\vc141.pdb
c:\users\marco\source\repos\redx93\directxengine\directxengine\x64\debug\vc142.pdb
c:\users\marco\source\repos\redx93\directxengine\x64\debug\directxengine.pdb
c:\users\marco\source\repos\redx93\directxengine\x64\debug\directxengine.exe
c:\users\marco\source\repos\redx93\directxengine\x64\debug\directxengine.ilk
c:\users\marco\source\repos\redx93\directxengine\directxengine\x64\debug\directxengine.tlog\cl.command.1.tlog
c:\users\marco\source\repos\redx93\directxengine\directxengine\x64\debug\directxengine.tlog\cl.read.1.tlog
c:\users\marco\source\repos\redx93\directxengine\directxengine\x64\debug\directxengine.tlog\cl.write.1.tlog
c:\users\marco\source\repos\redx93\directxengine\directxengine\x64\debug\directxengine.tlog\fxc.command.1.tlog
c:\users\marco\source\repos\redx93\directxengine\directxengine\x64\debug\directxengine.tlog\fxc.read.1.tlog
c:\users\marco\source\repos\redx93\directxengine\directxengine\x64\debug\directxengine.tlog\fxc.write.1.tlog
c:\users\marco\source\repos\redx93\directxengine\directxengine\x64\debug\directxengine.tlog\link.command.1.tlog
c:\users\marco\source\repos\redx93\directxengine\directxengine\x64\debug\directxengine.tlog\link.read.1.tlog
c:\users\marco\source\repos\redx93\directxengine\directxengine\x64\debug\directxengine.tlog\link.write.1.tlog
